#
# There is insufficient memory for the Java Runtime Environment to continue.
# Native memory allocation (mmap) failed to map 266338304 bytes for Failed to commit area from 0x0000000702e00000 to 0x0000000712c00000 of length 266338304.
# Possible reasons:
#   The system is out of physical RAM or swap space
#   The process is running with CompressedOops enabled, and the Java Heap may be blocking the growth of the native heap
# Possible solutions:
#   Reduce memory load on the system
#   Increase physical memory or swap space
#   Check if swap backing store is full
#   Decrease Java heap size (-Xmx/-Xms)
#   Decrease number of Java threads
#   Decrease Java thread stack sizes (-Xss)
#   Set larger code cache with -XX:ReservedCodeCacheSize=
# This output file may be truncated or incomplete.
#
#  Out of Memory Error (./src/hotspot/os/windows/os_windows.cpp:3387), pid=26924, tid=20536
#
# JRE version:  (11.0.14.1+1) (build )
# Java VM: OpenJDK 64-Bit Server VM (11.0.14.1+1, mixed mode, sharing, tiered, compressed oops, g1 gc, windows-amd64)
# No core dump will be written. Minidumps are not enabled by default on client versions of Windows
#

---------------  S U M M A R Y ------------

Command Line: -Dfile.encoding=UTF-8 org.gradle.launcher.GradleMain -Dorg.gradle.jvmargs=-Xmx4096m --stop

Host: 12th Gen Intel(R) Core(TM) i5-12600KF, 16 cores, 15G,  Windows 11 , 64 bit Build 22621 (10.0.22621.2506)
Time: Mon Jan  8 19:37:53 2024 Pacific Standard Time elapsed time: 0.006098 seconds (0d 0h 0m 0s)

---------------  T H R E A D  ---------------

Current thread (0x000002380de6c000):  JavaThread "Unknown thread" [_thread_in_vm, id=20536, stack(0x000000db0cc00000,0x000000db0cd00000)]

Stack: [0x000000db0cc00000,0x000000db0cd00000]
Native frames: (J=compiled Java code, j=interpreted, Vv=VM code, C=native code)
V  [jvm.dll+0x61e59a]
V  [jvm.dll+0x7aaca9]
V  [jvm.dll+0x7ac398]
V  [jvm.dll+0x7aca73]
V  [jvm.dll+0x24f9b8]
V  [jvm.dll+0x61b83a]
V  [jvm.dll+0x6100c5]
V  [jvm.dll+0x30772c]
V  [jvm.dll+0x3075b2]
V  [jvm.dll+0x30c2d6]
V  [jvm.dll+0x35272f]
V  [jvm.dll+0x352160]
V  [jvm.dll+0x2e4728]
V  [jvm.dll+0x2e5886]
V  [jvm.dll+0x784b07]
V  [jvm.dll+0x78628f]
V  [jvm.dll+0x35f479]
V  [jvm.dll+0x767aa0]
V  [jvm.dll+0x3ccf1f]
V  [jvm.dll+0x3cf2b1]
C  [jli.dll+0x5207]
C  [ucrtbase.dll+0x29363]
C  [KERNEL32.DLL+0x1257d]
C  [ntdll.dll+0x5aa58]


---------------  P R O C E S S  ---------------

Threads class SMR info:
_java_thread_list=0x000002380dd96520, length=0, elements={
}

Java Threads: ( => current thread )

Other Threads:
  0x000002380ff35800 GCTaskThread "GC Thread#0" [stack: 0x000000db0cd00000,0x000000db0ce00000] [id=13116]
  0x000002380ff99800 ConcurrentGCThread "G1 Main Marker" [stack: 0x000000db0ce00000,0x000000db0cf00000] [id=19000]
  0x000002380ff9b000 ConcurrentGCThread "G1 Conc#0" [stack: 0x000000db0cf00000,0x000000db0d000000] [id=15176]

[error occurred during error reporting (printing all threads), id 0xc0000005, EXCEPTION_ACCESS_VIOLATION (0xc0000005) at pc=0x00007ff8f0283ef7]

VM state:not at safepoint (not fully initialized)

VM Mutex/Monitor currently owned by a thread:  ([mutex/lock_event])
[0x000002380ff1ea10] Heap_lock - owner thread: 0x000002380de6c000

Heap address: 0x0000000702e00000, size: 4050 MB, Compressed Oops mode: Non-zero based: 0x0000000702e00000
Narrow klass base: 0x0000000000000000, Narrow klass shift: 0

GC Heap History (0 events):
No events

Deoptimization events (0 events):
No events

Classes redefined (0 events):
No events

Internal exceptions (0 events):
No events

Events (1 events):
Event: 0.004 Loaded shared library D:\Unity\2022.3.8f1\Editor\Data\PlaybackEngines\AndroidPlayer\OpenJDK\bin\zip.dll


Dynamic libraries:
0x00007ff691ac0000 - 0x00007ff691acd000 	D:\Unity\2022.3.8f1\Editor\Data\PlaybackEngines\AndroidPlayer\OpenJDK\bin\java.exe
0x00007ff9ff530000 - 0x00007ff9ff747000 	C:\windows\SYSTEM32\ntdll.dll
0x00007ff9b8450000 - 0x00007ff9b8469000 	C:\Program Files\Avast Software\Avast\aswhook.dll
0x00007ff9fe880000 - 0x00007ff9fe944000 	C:\windows\System32\KERNEL32.DLL
0x00007ff9fcca0000 - 0x00007ff9fd046000 	C:\windows\System32\KERNELBASE.dll
0x00007ff9fcb50000 - 0x00007ff9fcc61000 	C:\windows\System32\ucrtbase.dll
0x00007ff991210000 - 0x00007ff991225000 	D:\Unity\2022.3.8f1\Editor\Data\PlaybackEngines\AndroidPlayer\OpenJDK\bin\VCRUNTIME140.dll
0x00007ff9911f0000 - 0x00007ff991207000 	D:\Unity\2022.3.8f1\Editor\Data\PlaybackEngines\AndroidPlayer\OpenJDK\bin\jli.dll
0x00007ff9feb00000 - 0x00007ff9fecae000 	C:\windows\System32\USER32.dll
0x00007ff9fcc70000 - 0x00007ff9fcc96000 	C:\windows\System32\win32u.dll
0x00007ff9fe7a0000 - 0x00007ff9fe7c9000 	C:\windows\System32\GDI32.dll
0x00007ff9f0d40000 - 0x00007ff9f0fd3000 	C:\windows\WinSxS\amd64_microsoft.windows.common-controls_6595b64144ccf1df_6.0.22621.2506_none_270c5ae97388e100\COMCTL32.dll
0x00007ff9fd160000 - 0x00007ff9fd278000 	C:\windows\System32\gdi32full.dll
0x00007ff9fd500000 - 0x00007ff9fd5a7000 	C:\windows\System32\msvcrt.dll
0x00007ff9fd050000 - 0x00007ff9fd0ea000 	C:\windows\System32\msvcp_win.dll
0x00007ff9fecb0000 - 0x00007ff9fece1000 	C:\windows\System32\IMM32.DLL
0x00007ff991150000 - 0x00007ff9911eb000 	D:\Unity\2022.3.8f1\Editor\Data\PlaybackEngines\AndroidPlayer\OpenJDK\bin\msvcp140.dll
0x00007ff8eff90000 - 0x00007ff8f0b11000 	D:\Unity\2022.3.8f1\Editor\Data\PlaybackEngines\AndroidPlayer\OpenJDK\bin\server\jvm.dll
0x00007ff9fd280000 - 0x00007ff9fd331000 	C:\windows\System32\ADVAPI32.dll
0x00007ff9fe340000 - 0x00007ff9fe3e5000 	C:\windows\System32\sechost.dll
0x00007ff9fe0d0000 - 0x00007ff9fe1e7000 	C:\windows\System32\RPCRT4.dll
0x00007ff9fe3f0000 - 0x00007ff9fe3f8000 	C:\windows\System32\PSAPI.DLL
0x00007ff9ea8f0000 - 0x00007ff9ea8f9000 	C:\windows\SYSTEM32\WSOCK32.dll
0x00007ff9f5060000 - 0x00007ff9f506a000 	C:\windows\SYSTEM32\VERSION.dll
0x00007ff9f5220000 - 0x00007ff9f5254000 	C:\windows\SYSTEM32\WINMM.dll
0x00007ff9fea80000 - 0x00007ff9feaf1000 	C:\windows\System32\WS2_32.dll
0x00007ff9fb990000 - 0x00007ff9fb9a8000 	C:\windows\SYSTEM32\kernel.appcore.dll
0x00007ff991140000 - 0x00007ff991150000 	D:\Unity\2022.3.8f1\Editor\Data\PlaybackEngines\AndroidPlayer\OpenJDK\bin\verify.dll
0x00007ff9ef690000 - 0x00007ff9ef8c3000 	C:\windows\SYSTEM32\DBGHELP.DLL
0x00007ff9fe410000 - 0x00007ff9fe799000 	C:\windows\System32\combase.dll
0x00007ff9fe9a0000 - 0x00007ff9fea77000 	C:\windows\System32\OLEAUT32.dll
0x00007ff9ef650000 - 0x00007ff9ef682000 	C:\windows\SYSTEM32\dbgcore.DLL
0x00007ff9fcad0000 - 0x00007ff9fcb4a000 	C:\windows\System32\bcryptPrimitives.dll
0x00007ff991110000 - 0x00007ff991138000 	D:\Unity\2022.3.8f1\Editor\Data\PlaybackEngines\AndroidPlayer\OpenJDK\bin\java.dll
0x00007ff991100000 - 0x00007ff99110a000 	D:\Unity\2022.3.8f1\Editor\Data\PlaybackEngines\AndroidPlayer\OpenJDK\bin\jimage.dll
0x00007ff9910e0000 - 0x00007ff9910f8000 	D:\Unity\2022.3.8f1\Editor\Data\PlaybackEngines\AndroidPlayer\OpenJDK\bin\zip.dll

dbghelp: loaded successfully - version: 4.0.5 - missing functions: none
symbol engine: initialized successfully - sym options: 0x614 - pdb path: .;D:\Unity\2022.3.8f1\Editor\Data\PlaybackEngines\AndroidPlayer\OpenJDK\bin;C:\windows\SYSTEM32;C:\Program Files\Avast Software\Avast;C:\windows\WinSxS\amd64_microsoft.windows.common-controls_6595b64144ccf1df_6.0.22621.2506_none_270c5ae97388e100;D:\Unity\2022.3.8f1\Editor\Data\PlaybackEngines\AndroidPlayer\OpenJDK\bin\server

VM Arguments:
jvm_args: -Dfile.encoding=UTF-8 
java_command: org.gradle.launcher.GradleMain -Dorg.gradle.jvmargs=-Xmx4096m --stop
java_class_path (initial): D:\Unity\2022.3.8f1\Editor\Data\PlaybackEngines\AndroidPlayer\Tools\gradle\lib\gradle-launcher-7.2.jar
Launcher Type: SUN_STANDARD

[Global flags]
     intx CICompilerCount                          = 12                                        {product} {ergonomic}
     uint ConcGCThreads                            = 3                                         {product} {ergonomic}
     uint G1ConcRefinementThreads                  = 13                                        {product} {ergonomic}
   size_t G1HeapRegionSize                         = 1048576                                   {product} {ergonomic}
    uintx GCDrainStackTargetSize                   = 64                                        {product} {ergonomic}
   size_t InitialHeapSize                          = 266338304                                 {product} {ergonomic}
   size_t MarkStackSize                            = 4194304                                   {product} {ergonomic}
   size_t MaxHeapSize                              = 4246732800                                {product} {ergonomic}
   size_t MinHeapDeltaBytes                        = 1048576                                   {product} {ergonomic}
    uintx NonNMethodCodeHeapSize                   = 7594288                                {pd product} {ergonomic}
    uintx NonProfiledCodeHeapSize                  = 122031976                              {pd product} {ergonomic}
    uintx ProfiledCodeHeapSize                     = 122031976                              {pd product} {ergonomic}
    uintx ReservedCodeCacheSize                    = 251658240                              {pd product} {ergonomic}
     bool SegmentedCodeCache                       = true                                      {product} {ergonomic}
     bool UseCompressedClassPointers               = true                                 {lp64_product} {ergonomic}
     bool UseCompressedOops                        = true                                 {lp64_product} {ergonomic}
     bool UseG1GC                                  = true                                      {product} {ergonomic}
     bool UseLargePagesIndividualAllocation        = false                                  {pd product} {ergonomic}

Logging:
Log output configuration:
 #0: stdout all=warning uptime,level,tags
 #1: stderr all=off uptime,level,tags

Environment Variables:
JAVA_HOME=D:\Unity\2022.3.8f1\Editor\Data\PlaybackEngines\AndroidPlayer\OpenJDK
JAVA_TOOL_OPTIONS=-Dfile.encoding=UTF-8
PATH=C:\windows\system32;C:\windows;C:\windows\System32\Wbem;C:\windows\System32\WindowsPowerShell\v1.0\;C:\windows\System32\OpenSSH\;C:\Program Files (x86)\NVIDIA Corporation\PhysX\Common;C:\Users\Admin\AppData\Local\Microsoft\WindowsApps;C:\Users\Admin\AppData\Local\GitHubDesktop\bin
USERNAME=Admin
OS=Windows_NT
PROCESSOR_IDENTIFIER=Intel64 Family 6 Model 151 Stepping 2, GenuineIntel



---------------  S Y S T E M  ---------------

OS: Windows 11 , 64 bit Build 22621 (10.0.22621.2506)
OS uptime: 3 days 0:44 hours

CPU:total 16 (initial active 16) (8 cores per cpu, 2 threads per core) family 6 model 151 stepping 2 microcode 0x23, cmov, cx8, fxsr, mmx, sse, sse2, sse3, ssse3, sse4.1, sse4.2, popcnt, avx, avx2, aes, clmul, erms, 3dnowpref, lzcnt, ht, tsc, tscinvbit, bmi1, bmi2, adx, sha, fma

Memory: 4k page, system-wide physical 16197M (619M free)
TotalPageFile size 24389M (AvailPageFile size 26M)
current process WorkingSet (physical memory assigned to process): 11M, peak: 11M
current process commit charge ("private bytes"): 71M, peak: 325M

vm_info: OpenJDK 64-Bit Server VM (11.0.14.1+1) for windows-amd64 JRE (11.0.14.1+1), built on Feb  9 2022 01:48:27 by "" with unknown MS VC++:1916

END.
